#
# A fatal error has been detected by the Java Runtime Environment:
#
#  SIGSEGV (0xb) at pc=0x00007fb53101bc00, pid=9369, tid=140416312006400
#
# JRE version: 6.0_38-b05
# Java VM: Java HotSpot(TM) 64-Bit Server VM (20.13-b02 mixed mode linux-amd64 compressed oops)
# Problematic frame:
# j  javax.management.RuntimeMBeanException.<init>(Ljava/lang/RuntimeException;)V+1
#
# If you would like to submit a bug report, please visit:
#   http://java.sun.com/webapps/bugreport/crash.jsp
#

---------------  T H R E A D  ---------------

Current thread (0x00007fb5005bb000):  JavaThread "ScannerThread" daemon [_thread_in_Java, id=9386, stack(0x00007fb53855d000,0x00007fb53865e000)]

siginfo:si_signo=SIGSEGV: si_errno=0, si_code=1 (SEGV_MAPERR), si_addr=0x000000010004f840

Registers:
RAX=0x00000000dae0ca08, RBX=0x00000000000000b7, RCX=0x00000000ffffde18, RDX=0x000000000000a340
RSP=0x00007fb53865a5f0, RBP=0x00007fb53865a638, RSI=0x00007fb53aa333b0, RDI=0x00007fb510038230
R8 =0x0000000000000ffc, R9 =0x00007fb53aa333b8, R10=0x00007fb53ab79f80, R11=0x00007fb53aa1e7d0
R12=0x0000000000000000, R13=0x00000000fb2a7349, R14=0x00007fb53865a650, R15=0x00007fb5005bb000
RIP=0x00007fb53101bc00, EFLAGS=0x0000000000010202, CSGSFS=0x0000000000000033, ERR=0x0000000000000004
  TRAPNO=0x000000000000000e

Top of Stack: (sp=0x00007fb53865a5f0)
0x00007fb53865a5f0:   00000000dae0ca08 00007fb53865a5f8
0x00007fb53865a600:   00000000fb2a7349 00007fb53865a650
0x00007fb53865a610:   00000000ffffde18 0000000000000000
0x00007fb53865a620:   00000000fb2a7358 0000000000000000
0x00007fb53865a630:   00007fb53865a648 00007fb53865a6a0
0x00007fb53865a640:   00007fb531005a82 00000000dae02838
0x00007fb53865a650:   00000000dae0ca08 00000000dae0ca08
0x00007fb53865a660:   00007fb53865a660 00000000fb373216
0x00007fb53865a670:   00007fb53865a6b8 00000000fb373698
0x00007fb53865a680:   0000000000000000 00000000fb3732a0
0x00007fb53865a690:   00007fb53865a648 00007fb53865a6b0
0x00007fb53865a6a0:   00007fb53865a700 00007fb531005a82
0x00007fb53865a6b0:   00000000dae02838 00000000e87fffd0
0x00007fb53865a6c0:   00007fb53865a6c0 00000000fb372fe0
0x00007fb53865a6d0:   00007fb53865a780 00000000fb373698
0x00007fb53865a6e0:   00000000ffbd3870 00000000fb373128
0x00007fb53865a6f0:   00007fb53865a6b0 00007fb53865a790
0x00007fb53865a700:   00007fb53865a830 00007fb5311766a4
0x00007fb53865a710:   0000000000000000 0000000000000000
0x00007fb53865a720:   0000000000000000 0000000000000000
0x00007fb53865a730:   0000000000000000 0000000000000000
0x00007fb53865a740:   0000000000000000 0000000000000000
0x00007fb53865a750:   0000000000000000 00000000dae0c7e8
0x00007fb53865a760:   00000000fb5a9e18 00000000e87ffa10
0x00007fb53865a770:   00000000e87ff9b8 00000000e87ffff0
0x00007fb53865a780:   00000000e87fffd0 00007fb5311766a4
0x00007fb53865a790:   00000000dcd71228 00007fb5310d5ea8
0x00007fb53865a7a0:   00000000dcd711f8 00000000c7c2a818
0x00007fb53865a7b0:   00007fb53865a7c8 00007fb53865a830
0x00007fb53865a7c0:   00007fb53865a830 00007fb531005a82
0x00007fb53865a7d0:   00007fb53865a830 00007fb531005929
0x00007fb53865a7e0:   00007fb531005929 00000000dcd71228 

Instructions: (pc=0x00007fb53101bc00)
0x00007fb53101bbe0:   00 00 48 83 ec 10 48 89 04 24 e9 01 00 00 00 50
0x00007fb53101bbf0:   4c 89 6d c8 41 0f b7 55 01 48 8b 4d d8 c1 e2 02
0x00007fb53101bc00:   8b 5c d1 28 c1 eb 10 81 e3 ff 00 00 00 81 fb b7
0x00007fb53101bc10:   00 00 00 0f 84 99 00 00 00 bb b7 00 00 00 e8 05 

Register to memory mapping:

RAX=0x00000000dae0ca08 is an oop
javax.management.RuntimeMBeanException 
 - klass: 'javax/management/RuntimeMBeanException'
RBX=0x00000000000000b7 is an unknown value
RCX=0x00000000ffffde18 is an oop
{constant pool cache} 
 - klass: {other class}
RDX=0x000000000000a340 is an unknown value
RSP=0x00007fb53865a5f0 is pointing into the stack for thread: 0x00007fb5005bb000
RBP=0x00007fb53865a638 is pointing into the stack for thread: 0x00007fb5005bb000
RSI=0x00007fb53aa333b0: <offset 0xa9e3b0> in /usr/java/jdk1.6.0_38/jre/lib/amd64/server/libjvm.so at 0x00007fb539f95000
RDI=0x00007fb510038230 is an unknown value
R8 =0x0000000000000ffc is an unknown value
R9 =0x00007fb53aa333b8: <offset 0xa9e3b8> in /usr/java/jdk1.6.0_38/jre/lib/amd64/server/libjvm.so at 0x00007fb539f95000
R10=0x00007fb53ab79f80: <offset 0xbe4f80> in /usr/java/jdk1.6.0_38/jre/lib/amd64/server/libjvm.so at 0x00007fb539f95000
R11=0x00007fb53aa1e7d0: <offset 0xa897d0> in /usr/java/jdk1.6.0_38/jre/lib/amd64/server/libjvm.so at 0x00007fb539f95000
R12=0x0000000000000000 is an unknown value
R13=0x00000000fb2a7349 is an oop
{constMethod} 
 - klass: {other class}
 - method:       0x00000000fb2a7358 {method} '<init>' '(Ljava/lang/RuntimeException;)V' in 'javax/management/RuntimeMBeanException'
 - exceptions:   0x00000000fae01e98
bci_from(0xfb2a7349) = 1; print_codes():
R14=0x00007fb53865a650 is pointing into the stack for thread: 0x00007fb5005bb000
R15=0x00007fb5005bb000 is a thread


Stack: [0x00007fb53855d000,0x00007fb53865e000],  sp=0x00007fb53865a5f0,  free space=1013k
Native frames: (J=compiled Java code, j=interpreted, Vv=VM code, C=native code)
j  javax.management.RuntimeMBeanException.<init>(Ljava/lang/RuntimeException;)V+1
j  org.jboss.mx.interceptor.ReflectedDispatcher.handleInvocationExceptions(Ljava/lang/Throwable;)V+30
j  org.jboss.mx.interceptor.ReflectedDispatcher.invoke(Lorg/jboss/mx/server/Invocation;)Ljava/lang/Object;+456
J  org.jboss.mx.server.Invocation.invoke()Ljava/lang/Object;
j  org.jboss.mx.server.MBeanServerImpl.invoke(Ljavax/management/ObjectName;Ljava/lang/String;[Ljava/lang/Object;[Ljava/lang/String;)Ljava/lang/Object;+38
j  org.jboss.system.ServiceController$ServiceProxy.invoke(Ljava/lang/Object;Ljava/lang/reflect/Method;[Ljava/lang/Object;)Ljava/lang/Object;+38
j  $Proxy0.start()V+9
j  org.jboss.system.ServiceController.start(Ljavax/management/ObjectName;)V+295
j  sun.reflect.GeneratedMethodAccessor9.invoke(Ljava/lang/Object;[Ljava/lang/Object;)Ljava/lang/Object;+40


---------------  P R O C E S S  ---------------

Java Threads: ( => current thread )
  0x000000004180c800 JavaThread "JBoss Shutdown Hook" daemon [_thread_blocked, id=10175, stack(0x00007fb51c5ba000,0x00007fb51c6bb000)]
  0x00007fb518007800 JavaThread "SIGTERM handler" daemon [_thread_blocked, id=10174, stack(0x00007fb51d260000,0x00007fb51d361000)]
  0x00007fb5106f3800 JavaThread "WorkerThread#1[127.0.0.1:57318]" [_thread_blocked, id=9844, stack(0x00007fb51c1b6000,0x00007fb51c2b7000)]
  0x00007fb510774800 JavaThread "WorkerThread#0[127.0.0.1:57315]" [_thread_blocked, id=9839, stack(0x00007fb51c2b7000,0x00007fb51c3b8000)]
  0x00007fb50c005000 JavaThread "RMI Scheduler(0)" daemon [_thread_blocked, id=9837, stack(0x00007fb51c3b8000,0x00007fb51c4b9000)]
  0x00007fb50134d000 JavaThread "ajp-127.0.0.1-8009-Acceptor-0" daemon [_thread_in_native, id=9744, stack(0x00007fb51c6bb000,0x00007fb51c7bc000)]
  0x00007fb500f57800 JavaThread "http-127.0.0.1-8443-Acceptor-0" daemon [_thread_in_native, id=9743, stack(0x00007fb51cf8d000,0x00007fb51d08e000)]
  0x00007fb4fc018000 JavaThread "http-127.0.0.1-8080-1" daemon [_thread_blocked, id=9742, stack(0x00007fb51cc32000,0x00007fb51cd33000)]
  0x00007fb500d53800 JavaThread "http-127.0.0.1-8080-Acceptor-0" daemon [_thread_in_native, id=9741, stack(0x00007fb51cd33000,0x00007fb51ce34000)]
  0x00007fb500d59000 JavaThread "Thread-5" [_thread_blocked, id=9740, stack(0x00007fb51cb31000,0x00007fb51cc32000)]
  0x00007fb501424800 JavaThread "JBossLifeThread" [_thread_blocked, id=9739, stack(0x00007fb51ce34000,0x00007fb51cf35000)]
  0x00007fb500dcb800 JavaThread "UILServerILService Accept Thread" [_thread_in_native, id=9427, stack(0x00007fb51d361000,0x00007fb51d462000)]
  0x00007fb500d75000 JavaThread "TimeoutFactory-0" daemon [_thread_blocked, id=9424, stack(0x00007fb51d462000,0x00007fb51d563000)]
  0x00007fb500d8f800 JavaThread "IdleRemover" daemon [_thread_blocked, id=9418, stack(0x00007fb51d563000,0x00007fb51d664000)]
  0x00007fb500ded000 JavaThread "Timer-1" daemon [_thread_blocked, id=9417, stack(0x00007fb51d664000,0x00007fb51d765000)]
  0x00007fb500dc0800 JavaThread "DefaultQuartzScheduler_QuartzSchedulerThread" [_thread_blocked, id=9416, stack(0x00007fb51d765000,0x00007fb51d866000)]
  0x00007fb500d60800 JavaThread "DefaultQuartzScheduler_Worker-9" [_thread_blocked, id=9415, stack(0x00007fb51d866000,0x00007fb51d967000)]
  0x00007fb500d5e800 JavaThread "DefaultQuartzScheduler_Worker-8" [_thread_blocked, id=9414, stack(0x00007fb51d967000,0x00007fb51da68000)]
  0x00007fb500d1f000 JavaThread "DefaultQuartzScheduler_Worker-7" [_thread_blocked, id=9413, stack(0x00007fb51da68000,0x00007fb51db69000)]
  0x00007fb500d1d000 JavaThread "DefaultQuartzScheduler_Worker-6" [_thread_blocked, id=9412, stack(0x00007fb51db69000,0x00007fb51dc6a000)]
  0x00007fb500d1b000 JavaThread "DefaultQuartzScheduler_Worker-5" [_thread_blocked, id=9411, stack(0x00007fb51dc6a000,0x00007fb51dd6b000)]
  0x00007fb500d4b000 JavaThread "DefaultQuartzScheduler_Worker-4" [_thread_blocked, id=9410, stack(0x00007fb51dd6b000,0x00007fb51de6c000)]
  0x00007fb500d49800 JavaThread "DefaultQuartzScheduler_Worker-3" [_thread_blocked, id=9409, stack(0x00007fb51de6c000,0x00007fb51df6d000)]
  0x00007fb500d49000 JavaThread "DefaultQuartzScheduler_Worker-2" [_thread_blocked, id=9408, stack(0x00007fb530041000,0x00007fb530142000)]
  0x00007fb5009bb000 JavaThread "DefaultQuartzScheduler_Worker-1" [_thread_blocked, id=9407, stack(0x00007fb51df6d000,0x00007fb51e06e000)]
  0x00007fb5009ba800 JavaThread "DefaultQuartzScheduler_Worker-0" [_thread_blocked, id=9406, stack(0x00007fb51e06e000,0x00007fb51e16f000)]
  0x00007fb5000ca000 JavaThread "WorkManager(2)-1" daemon [_thread_blocked, id=9405, stack(0x00007fb530144000,0x00007fb530245000)]
  0x00007fb5009dc000 JavaThread "JBossMQ Cache Reference Softner" daemon [_thread_blocked, id=9404, stack(0x00007fb530251000,0x00007fb530352000)]
  0x00007fb50094b000 JavaThread "ContainerBackgroundProcessor[StandardEngine[jboss.web]]" daemon [_thread_blocked, id=9403, stack(0x00007fb530352000,0x00007fb530453000)]
  0x00007fb500955800 JavaThread "SubscriptionWatchDog" [_thread_blocked, id=9402, stack(0x00007fb53046d000,0x00007fb53056e000)]
  0x00007fb510054000 JavaThread "ServerSocketRefresh" daemon [_thread_blocked, id=9401, stack(0x00007fb5305f6000,0x00007fb5306f7000)]
  0x00007fb500742800 JavaThread "AcceptorThread#0:3873" [_thread_in_native, id=9400, stack(0x00007fb5306f7000,0x00007fb5307f8000)]
  0x00007fb508002000 JavaThread "ServerSocketRefresh" daemon [_thread_blocked, id=9399, stack(0x00007fb5307f8000,0x00007fb5308f9000)]
  0x00007fb500633800 JavaThread "AcceptorThread#0:4446" [_thread_in_native, id=9398, stack(0x00007fb5308f9000,0x00007fb5309fa000)]
  0x00007fb500631800 JavaThread "PooledInvokerAcceptor#0-4445" [_thread_in_native, id=9397, stack(0x00007fb5309fa000,0x00007fb530afb000)]
  0x00007fb500631000 JavaThread "RMI TCP Accept-4444" daemon [_thread_in_native, id=9396, stack(0x00007fb530afb000,0x00007fb530bfc000)]
  0x00007fb500630800 JavaThread "Listener:48413" daemon [_thread_in_native, id=9395, stack(0x00007fb530bfc000,0x00007fb530cfd000)]
  0x00007fb5005e7800 JavaThread "Thread-4" daemon [_thread_blocked, id=9394, stack(0x00007fb530cfd000,0x00007fb530dfe000)]
  0x00007fb5005e7000 JavaThread "Thread-3" daemon [_thread_blocked, id=9393, stack(0x00007fb530dfe000,0x00007fb530eff000)]
  0x00007fb5005de800 JavaThread "Listener:48225" daemon [_thread_in_native, id=9392, stack(0x00007fb530eff000,0x00007fb531000000)]
  0x00007fb5005aa000 JavaThread "JBoss System Threads(1)-2" daemon [_thread_in_native, id=9391, stack(0x00007fb538058000,0x00007fb538159000)]
  0x00007fb5005a9800 JavaThread "GC Daemon" daemon [_thread_blocked, id=9390, stack(0x00007fb538159000,0x00007fb53825a000)]
  0x00007fb5005c4800 JavaThread "RMI Reaper" [_thread_blocked, id=9389, stack(0x00007fb53825a000,0x00007fb53835b000)]
  0x00007fb5002fb800 JavaThread "RMI TCP Accept-1098" daemon [_thread_in_native, id=9388, stack(0x00007fb53835b000,0x00007fb53845c000)]
  0x00007fb500596800 JavaThread "JBoss System Threads(1)-1" daemon [_thread_in_native, id=9387, stack(0x00007fb53845c000,0x00007fb53855d000)]
=>0x00007fb5005bb000 JavaThread "ScannerThread" daemon [_thread_in_Java, id=9386, stack(0x00007fb53855d000,0x00007fb53865e000)]
  0x00007fb500584800 JavaThread "Timer-0" daemon [_thread_blocked, id=9385, stack(0x00007fb538665000,0x00007fb538766000)]
  0x00007fb534007000 JavaThread "DestroyJavaVM" [_thread_blocked, id=9371, stack(0x00007fb539e94000,0x00007fb539f95000)]
  0x00007fb534092000 JavaThread "Low Memory Detector" daemon [_thread_blocked, id=9382, stack(0x00007fb538d4a000,0x00007fb538e4b000)]
  0x00007fb53408f800 JavaThread "C2 CompilerThread1" daemon [_thread_blocked, id=9381, stack(0x00007fb538e4b000,0x00007fb538f4c000)]
  0x00007fb53408d800 JavaThread "C2 CompilerThread0" daemon [_thread_blocked, id=9380, stack(0x00007fb538f4c000,0x00007fb53904d000)]
  0x00007fb53408b000 JavaThread "Signal Dispatcher" daemon [_thread_blocked, id=9379, stack(0x00007fb53904d000,0x00007fb53914e000)]
  0x00007fb53406f000 JavaThread "Finalizer" daemon [_thread_blocked, id=9378, stack(0x00007fb53914e000,0x00007fb53924f000)]
  0x00007fb53406d000 JavaThread "Reference Handler" daemon [_thread_blocked, id=9377, stack(0x00007fb53924f000,0x00007fb539350000)]

Other Threads:
  0x00007fb534066000 VMThread [stack: 0x00007fb539350000,0x00007fb539451000] [id=9376]
  0x00007fb53409d000 WatcherThread [stack: 0x00007fb538c49000,0x00007fb538d4a000] [id=9383]

VM state:synchronizing (normal execution)

VM Mutex/Monitor currently owned by a thread:  ([mutex/lock_event])
[0x00007fb534004e10] Safepoint_lock - owner thread: 0x00007fb534066000
[0x00007fb534004e90] Threads_lock - owner thread: 0x00007fb534066000

Heap
 def new generation   total 54464K, used 2970K [0x00000000dae00000, 0x00000000de910000, 0x00000000e58a0000)
  eden space 48448K,   6% used [0x00000000dae00000, 0x00000000db0e6a30, 0x00000000ddd50000)
  from space 6016K,   0% used [0x00000000ddd50000, 0x00000000ddd50000, 0x00000000de330000)
  to   space 6016K,   0% used [0x00000000de330000, 0x00000000de330000, 0x00000000de910000)
 tenured generation   total 120680K, used 52092K [0x00000000e58a0000, 0x00000000ece7a000, 0x00000000fae00000)
   the space 120680K,  43% used [0x00000000e58a0000, 0x00000000e8b7f188, 0x00000000e8b7f200, 0x00000000ece7a000)
 compacting perm gen  total 83968K, used 83959K [0x00000000fae00000, 0x0000000100000000, 0x0000000100000000)
   the space 83968K,  99% used [0x00000000fae00000, 0x00000000ffffdea0, 0x00000000ffffe000, 0x0000000100000000)
No shared spaces configured.

Code Cache  [0x00007fb531000000, 0x00007fb5315e0000, 0x00007fb534000000)
 total_blobs=1754 nmethods=1304 adapters=403 free_code_cache=44402944 largest_free_block=73216

Dynamic libraries:
40000000-40009000 r-xp 00000000 fd:00 396914                             /usr/java/jdk1.6.0_38/jre/bin/java
40108000-4010a000 rwxp 00008000 fd:00 396914                             /usr/java/jdk1.6.0_38/jre/bin/java
4180a000-4182b000 rwxp 00000000 00:00 0                                  [heap]
dae00000-de910000 rwxp 00000000 00:00 0 
de910000-e58a0000 rwxp 00000000 00:00 0 
e58a0000-ece7a000 rwxp 00000000 00:00 0 
ece7a000-fae00000 rwxp 00000000 00:00 0 
fae00000-100000000 rwxp 00000000 00:00 0 
3ab4200000-3ab4220000 r-xp 00000000 fd:00 1947                           /lib64/ld-2.12.so
3ab441f000-3ab4420000 r-xp 0001f000 fd:00 1947                           /lib64/ld-2.12.so
3ab4420000-3ab4421000 rwxp 00020000 fd:00 1947                           /lib64/ld-2.12.so
3ab4421000-3ab4422000 rwxp 00000000 00:00 0 
3ab4600000-3ab4789000 r-xp 00000000 fd:00 2310                           /lib64/libc-2.12.so
3ab4789000-3ab4989000 ---p 00189000 fd:00 2310                           /lib64/libc-2.12.so
3ab4989000-3ab498d000 r-xp 00189000 fd:00 2310                           /lib64/libc-2.12.so
3ab498d000-3ab498e000 rwxp 0018d000 fd:00 2310                           /lib64/libc-2.12.so
3ab498e000-3ab4993000 rwxp 00000000 00:00 0 
3ab4a00000-3ab4a02000 r-xp 00000000 fd:00 11859                          /lib64/libdl-2.12.so
3ab4a02000-3ab4c02000 ---p 00002000 fd:00 11859                          /lib64/libdl-2.12.so
3ab4c02000-3ab4c03000 r-xp 00002000 fd:00 11859                          /lib64/libdl-2.12.so
3ab4c03000-3ab4c04000 rwxp 00003000 fd:00 11859                          /lib64/libdl-2.12.so
3ab4e00000-3ab4e17000 r-xp 00000000 fd:00 9686                           /lib64/libpthread-2.12.so
3ab4e17000-3ab5017000 ---p 00017000 fd:00 9686                           /lib64/libpthread-2.12.so
3ab5017000-3ab5018000 r-xp 00017000 fd:00 9686                           /lib64/libpthread-2.12.so
3ab5018000-3ab5019000 rwxp 00018000 fd:00 9686                           /lib64/libpthread-2.12.so
3ab5019000-3ab501d000 rwxp 00000000 00:00 0 
3ab5200000-3ab5283000 r-xp 00000000 fd:00 4147                           /lib64/libm-2.12.so
3ab5283000-3ab5482000 ---p 00083000 fd:00 4147                           /lib64/libm-2.12.so
3ab5482000-3ab5483000 r-xp 00082000 fd:00 4147                           /lib64/libm-2.12.so
3ab5483000-3ab5484000 rwxp 00083000 fd:00 4147                           /lib64/libm-2.12.so
3ab5600000-3ab5607000 r-xp 00000000 fd:00 29892                          /lib64/librt-2.12.so
3ab5607000-3ab5806000 ---p 00007000 fd:00 29892                          /lib64/librt-2.12.so
3ab5806000-3ab5807000 r-xp 00006000 fd:00 29892                          /lib64/librt-2.12.so
3ab5807000-3ab5808000 rwxp 00007000 fd:00 29892                          /lib64/librt-2.12.so
3ab6e00000-3ab6f39000 r-xp 00000000 fd:00 12009                          /usr/lib64/libX11.so.6.3.0
3ab6f39000-3ab7139000 ---p 00139000 fd:00 12009                          /usr/lib64/libX11.so.6.3.0
3ab7139000-3ab713f000 rwxp 00139000 fd:00 12009                          /usr/lib64/libX11.so.6.3.0
3ab7200000-3ab721b000 r-xp 00000000 fd:00 11238                          /usr/lib64/libxcb.so.1.1.0
3ab721b000-3ab741a000 ---p 0001b000 fd:00 11238                          /usr/lib64/libxcb.so.1.1.0
3ab741a000-3ab741b000 rwxp 0001a000 fd:00 11238                          /usr/lib64/libxcb.so.1.1.0
3ab7600000-3ab7602000 r-xp 00000000 fd:00 5645                           /usr/lib64/libXau.so.6.0.0
3ab7602000-3ab7802000 ---p 00002000 fd:00 5645                           /usr/lib64/libXau.so.6.0.0
3ab7802000-3ab7803000 rwxp 00002000 fd:00 5645                           /usr/lib64/libXau.so.6.0.0
3ab7e00000-3ab7e11000 r-xp 00000000 fd:00 12054                          /usr/lib64/libXext.so.6.4.0
3ab7e11000-3ab8011000 ---p 00011000 fd:00 12054                          /usr/lib64/libXext.so.6.4.0
3ab8011000-3ab8012000 rwxp 00011000 fd:00 12054                          /usr/lib64/libXext.so.6.4.0
3ab9a00000-3ab9a0f000 r-xp 00000000 fd:00 29879                          /usr/lib64/libXi.so.6.1.0
3ab9a0f000-3ab9c0e000 ---p 0000f000 fd:00 29879                          /usr/lib64/libXi.so.6.1.0
3ab9c0e000-3ab9c0f000 rwxp 0000e000 fd:00 29879                          /usr/lib64/libXi.so.6.1.0
3ac2e00000-3ac2e05000 r-xp 00000000 fd:00 43656                          /usr/lib64/libXtst.so.6.1.0
3ac2e05000-3ac3005000 ---p 00005000 fd:00 43656                          /usr/lib64/libXtst.so.6.1.0
3ac3005000-3ac3006000 rwxp 00005000 fd:00 43656                          /usr/lib64/libXtst.so.6.1.0
3ac4e00000-3ac4e16000 r-xp 00000000 fd:00 14884                          /lib64/libnsl-2.12.so
3ac4e16000-3ac5015000 ---p 00016000 fd:00 14884                          /lib64/libnsl-2.12.so
3ac5015000-3ac5016000 r-xp 00015000 fd:00 14884                          /lib64/libnsl-2.12.so
3ac5016000-3ac5017000 rwxp 00016000 fd:00 14884                          /lib64/libnsl-2.12.so
3ac5017000-3ac5019000 rwxp 00000000 00:00 0 
7fb4f0000000-7fb4f0021000 rwxp 00000000 00:00 0 
7fb4f0021000-7fb4f4000000 ---p 00000000 00:00 0 
7fb4f4000000-7fb4f4021000 rwxp 00000000 00:00 0 
7fb4f4021000-7fb4f8000000 ---p 00000000 00:00 0 
7fb4f8000000-7fb4f831b000 rwxp 00000000 00:00 0 
7fb4f831b000-7fb4fc000000 ---p 00000000 00:00 0 
7fb4fc000000-7fb4fc021000 rwxp 00000000 00:00 0 
7fb4fc021000-7fb500000000 ---p 00000000 00:00 0 
7fb500000000-7fb50146d000 rwxp 00000000 00:00 0 
7fb50146d000-7fb504000000 ---p 00000000 00:00 0 
7fb504000000-7fb50403e000 rwxp 00000000 00:00 0 
7fb50403e000-7fb508000000 ---p 00000000 00:00 0 
7fb508000000-7fb508021000 rwxp 00000000 00:00 0 
7fb508021000-7fb50c000000 ---p 00000000 00:00 0 
7fb50c000000-7fb50c021000 rwxp 00000000 00:00 0 
7fb50c021000-7fb510000000 ---p 00000000 00:00 0 
7fb510000000-7fb511e28000 rwxp 00000000 00:00 0 
7fb511e28000-7fb514000000 ---p 00000000 00:00 0 
7fb514000000-7fb516712000 rwxp 00000000 00:00 0 
7fb516712000-7fb518000000 ---p 00000000 00:00 0 
7fb518000000-7fb518021000 rwxp 00000000 00:00 0 
7fb518021000-7fb51c000000 ---p 00000000 00:00 0 
7fb51c016000-7fb51c018000 r-xs 0000c000 fd:02 1439396                    /home/Parhs/Documents/Programming/Java/mywms/jboss-4.2.3.GA/server/default/deploy/los.reference.ear/lib/commons-logging.jar
7fb51c018000-7fb51c01c000 r-xs 00020000 fd:02 1439395                    /home/Parhs/Documents/Programming/Java/mywms/jboss-4.2.3.GA/server/default/deploy/los.reference.ear/lib/commons-digester-1.8.jar
7fb51c01c000-7fb51c01e000 r-xs 0025c000 fd:02 1439403                    /home/Parhs/Documents/Programming/Java/mywms/jboss-4.2.3.GA/server/default/deploy/los.reference.ear/lib/jasperreports-fonts-3.6.1.jar
7fb51c01e000-7fb51c023000 r-xs 0002a000 fd:02 1439393                    /home/Parhs/Documents/Programming/Java/mywms/jboss-4.2.3.GA/server/default/deploy/los.reference.ear/lib/commons-beanutils.jar
7fb51c023000-7fb51c025000 r-xs 00007000 fd:02 1442310                    /home/Parhs/Documents/Programming/Java/mywms/jboss-4.2.3.GA/server/default/deploy/los.reference.ear/lib/javase.jar
7fb51c025000-7fb51c027000 r-xs 00013000 fd:02 1439390                    /home/Parhs/Documents/Programming/Java/mywms/jboss-4.2.3.GA/server/default/deploy/los.reference.ear/lib/barbecue-1.1.jar
7fb51c027000-7fb51c02b000 r-xs 00026000 fd:02 1439392                    /home/Parhs/Documents/Programming/Java/mywms/jboss-4.2.3.GA/server/default/deploy/los.reference.ear/lib/commons-beanutils-core.jar
7fb51c02b000-7fb51c05e000 r-xs 0029f000 fd:02 1439401                    /home/Parhs/Documents/Programming/Java/mywms/jboss-4.2.3.GA/server/default/deploy/los.reference.ear/lib/jasperreports-3.0.0.jar
7fb51c05e000-7fb51c0a9000 r-xs 00670000 fd:02 1439399                    /home/Parhs/Documents/Programming/Java/mywms/jboss-4.2.3.GA/server/default/deploy/los.reference.ear/lib/iReport.jar
7fb51c0a9000-7fb51c0b5000 r-xs 00108000 fd:02 1439400                    /home/Parhs/Documents/Programming/Java/mywms/jboss-4.2.3.GA/server/default/deploy/los.reference.ear/lib/itext-1.02b.jar
7fb51c0b5000-7fb51c0b8000 ---p 00000000 00:00 0 
7fb51c0b8000-7fb51c1b6000 rwxp 00000000 00:00 0 
7fb51c1b6000-7fb51c1b9000 ---p 00000000 00:00 0 
7fb51c1b9000-7fb51c2b7000 rwxp 00000000 00:00 0 
7fb51c2b7000-7fb51c2ba000 ---p 00000000 00:00 0 
7fb51c2ba000-7fb51c3b8000 rwxp 00000000 00:00 0 
7fb51c3b8000-7fb51c3bb000 ---p 00000000 00:00 0 
7fb51c3bb000-7fb51c4b9000 rwxp 00000000 00:00 0 
7fb51c4b9000-7fb51c4ba000 r-xp 00000000 fd:00 396970                     /usr/java/jdk1.6.0_38/jre/lib/amd64/librmi.so
7fb51c4ba000-7fb51c5b9000 ---p 00001000 fd:00 396970                     /usr/java/jdk1.6.0_38/jre/lib/amd64/librmi.so
7fb51c5b9000-7fb51c5ba000 rwxp 00000000 fd:00 396970                     /usr/java/jdk1.6.0_38/jre/lib/amd64/librmi.so
7fb51c5ba000-7fb51c5bd000 ---p 00000000 00:00 0 
7fb51c5bd000-7fb51c6bb000 rwxp 00000000 00:00 0 
7fb51c6bb000-7fb51c6be000 ---p 00000000 00:00 0 
7fb51c6be000-7fb51c7bc000 rwxp 00000000 00:00 0 
7fb51c7bc000-7fb51c7d8000 r-xs 0020e000 fd:02 393944                     /home/Parhs/Documents/Programming/Java/mywms/jboss-4.2.3.GA/server/default/tmp/deploy/tmp1854407905817686920los-mobile-exp.war/WEB-INF/lib/richfaces-ui-3.2.0.GA.jar (deleted)
7fb51c7d8000-7fb51c7f1000 r-xs 0019e000 fd:02 393943                     /home/Parhs/Documents/Programming/Java/mywms/jboss-4.2.3.GA/server/default/tmp/deploy/tmp1854407905817686920los-mobile-exp.war/WEB-INF/lib/richfaces-ui-3.1.4.GA.jar (deleted)
7fb51c7f1000-7fb51c803000 r-xs 00145000 fd:02 393942                     /home/Parhs/Documents/Programming/Java/mywms/jboss-4.2.3.GA/server/default/tmp/deploy/tmp1854407905817686920los-mobile-exp.war/WEB-INF/lib/richfaces-impl-3.2.0.GA.jar (deleted)
7fb51c803000-7fb51c845000 r-xp 00000000 fd:00 396985                     /usr/java/jdk1.6.0_38/jre/lib/amd64/xawt/libmawt.so
7fb51c845000-7fb51c944000 ---p 00042000 fd:00 396985                     /usr/java/jdk1.6.0_38/jre/lib/amd64/xawt/libmawt.so
7fb51c944000-7fb51c950000 rwxp 00041000 fd:00 396985                     /usr/java/jdk1.6.0_38/jre/lib/amd64/xawt/libmawt.so
7fb51c950000-7fb51c951000 rwxp 00000000 00:00 0 
7fb51c951000-7fb51c9e3000 r-xp 00000000 fd:00 396940                     /usr/java/jdk1.6.0_38/jre/lib/amd64/libawt.so
7fb51c9e3000-7fb51cae2000 ---p 00092000 fd:00 396940                     /usr/java/jdk1.6.0_38/jre/lib/amd64/libawt.so
7fb51cae2000-7fb51cafc000 rwxp 00091000 fd:00 396940                     /usr/java/jdk1.6.0_38/jre/lib/amd64/libawt.so
7fb51cafc000-7fb51cb20000 rwxp 00000000 00:00 0 
7fb51cb20000-7fb51cb31000 r-xs 0012e000 fd:02 393941                     /home/Parhs/Documents/Programming/Java/mywms/jboss-4.2.3.GA/server/default/tmp/deploy/tmp1854407905817686920los-mobile-exp.war/WEB-INF/lib/richfaces-impl-3.1.4.GA.jar (deleted)
7fb51cb31000-7fb51cb34000 ---p 00000000 00:00 0 
7fb51cb34000-7fb51cc32000 rwxp 00000000 00:00 0 
7fb51cc32000-7fb51cc35000 ---p 00000000 00:00 0 
7fb51cc35000-7fb51cd33000 rwxp 00000000 00:00 0 
7fb51cd33000-7fb51cd36000 ---p 00000000 00:00 0 
7fb51cd36000-7fb51ce34000 rwxp 00000000 00:00 0 
7fb51ce34000-7fb51ce37000 ---p 00000000 00:00 0 
7fb51ce37000-7fb51cf35000 rwxp 00000000 00:00 0 
7fb51cf35000-7fb51cf37000 r-xs 00005000 fd:02 1439391                    /home/Parhs/Documents/Programming/Java/mywms/jboss-4.2.3.GA/server/default/deploy/los.reference.ear/lib/commons-beanutils-bean-collections.jar
7fb51cf37000-7fb51cf3e000 r-xs 00067000 fd:02 1442309                    /home/Parhs/Documents/Programming/Java/mywms/jboss-4.2.3.GA/server/default/deploy/los.reference.ear/lib/core.jar
7fb51cf3e000-7fb51cf3f000 r-xs 00008000 fd:02 1439402                    /home/Parhs/Documents/Programming/Java/mywms/jboss-4.2.3.GA/server/default/deploy/los.reference.ear/lib/jasperreports-extensions-3.5.3.jar
7fb51cf3f000-7fb51cf4c000 r-xs 0007f000 fd:02 1439394                    /home/Parhs/Documents/Programming/Java/mywms/jboss-4.2.3.GA/server/default/deploy/los.reference.ear/lib/commons-collections-3.2.jar
7fb51cf4c000-7fb51cf4e000 r-xs 00013000 fd:02 1439397                    /home/Parhs/Documents/Programming/Java/mywms/jboss-4.2.3.GA/server/default/deploy/los.reference.ear/lib/commons-validator-1.1.4.jar
7fb51cf4e000-7fb51cf4f000 r-xs 00eb8000 fd:02 1439398                    /home/Parhs/Documents/Programming/Java/mywms/jboss-4.2.3.GA/server/default/deploy/los.reference.ear/lib/fonts.jar
7fb51cf4f000-7fb51cf6a000 r-xs 00158000 fd:02 1439405                    /home/Parhs/Documents/Programming/Java/mywms/jboss-4.2.3.GA/server/default/deploy/los.reference.ear/lib/poi-2.5.1-final-20040804.jar
7fb51cf6a000-7fb51cf6d000 r-xs 00029000 fd:02 1439404                    /home/Parhs/Documents/Programming/Java/mywms/jboss-4.2.3.GA/server/default/deploy/los.reference.ear/lib/jsch-0.1.39.jar
7fb51cf76000-7fb51cf77000 r-xs 00004000 fd:02 393255                     /home/Parhs/Documents/Programming/Java/mywms/jboss-4.2.3.GA/server/default/tmp/deploy/tmp4338816644728092698los.mobile-comp.jar (deleted)
7fb51cf77000-7fb51cf79000 r-xs 0000c000 fd:02 393254                     /home/Parhs/Documents/Programming/Java/mywms/jboss-4.2.3.GA/server/default/tmp/deploy/tmp1078073080122218280los.stocktaking-comp.jar (deleted)
7fb51cf79000-7fb51cf88000 r-xs 000a2000 fd:02 393253                     /home/Parhs/Documents/Programming/Java/mywms/jboss-4.2.3.GA/server/default/tmp/deploy/tmp914447544112208695los.inventory-comp.jar (deleted)
7fb51cf88000-7fb51cf8d000 r-xs 00024000 fd:02 393252                     /home/Parhs/Documents/Programming/Java/mywms/jboss-4.2.3.GA/server/default/tmp/deploy/tmp2657490259666275699los.location-comp.jar (deleted)
7fb51cf8d000-7fb51cf90000 ---p 00000000 00:00 0 
7fb51cf90000-7fb51d08e000 rwxp 00000000 00:00 0 
7fb51d08e000-7fb51d091000 ---p 00000000 00:00 0 
7fb51d091000-7fb51d18f000 rwxp 00000000 00:00 0 
7fb51d18f000-7fb51d191000 r-xs 0000c000 fd:02 1439396                    /home/Parhs/Documents/Programming/Java/mywms/jboss-4.2.3.GA/server/default/deploy/los.reference.ear/lib/commons-logging.jar
7fb51d191000-7fb51d195000 r-xs 00020000 fd:02 1439395                    /home/Parhs/Documents/Programming/Java/mywms/jboss-4.2.3.GA/server/default/deploy/los.reference.ear/lib/commons-digester-1.8.jar
7fb51d195000-7fb51d197000 r-xs 0025c000 fd:02 1439403                    /home/Parhs/Documents/Programming/Java/mywms/jboss-4.2.3.GA/server/default/deploy/los.reference.ear/lib/jasperreports-fonts-3.6.1.jar
7fb51d197000-7fb51d19c000 r-xs 0002a000 fd:02 1439393                    /home/Parhs/Documents/Programming/Java/mywms/jboss-4.2.3.GA/server/default/deploy/los.reference.ear/lib/commons-beanutils.jar
7fb51d19c000-7fb51d19e000 r-xs 00007000 fd:02 1442310                    /home/Parhs/Documents/Programming/Java/mywms/jboss-4.2.3.GA/server/default/deploy/los.reference.ear/lib/javase.jar
7fb51d19e000-7fb51d1a0000 r-xs 00013000 fd:02 1439390                    /home/Parhs/Documents/Programming/Java/mywms/jboss-4.2.3.GA/server/default/deploy/los.reference.ear/lib/barbecue-1.1.jar
7fb51d1a0000-7fb51d1a4000 r-xs 00026000 fd:02 1439392                    /home/Parhs/Documents/Programming/Java/mywms/jboss-4.2.3.GA/server/default/deploy/los.reference.ear/lib/commons-beanutils-core.jar
7fb51d1a4000-7fb51d1d7000 r-xs 0029f000 fd:02 1439401                    /home/Parhs/Documents/Programming/Java/mywms/jboss-4.2.3.GA/server/default/deploy/los.reference.ear/lib/jasperreports-3.0.0.jar
7fb51d1d7000-7fb51d1d9000 r-xs 00005000 fd:02 1439391                    /home/Parhs/Documents/Programming/Java/mywms/jboss-4.2.3.GA/server/default/deploy/los.reference.ear/lib/commons-beanutils-bean-collections.jar
7fb51d1d9000-7fb51d1e0000 r-xs 00067000 fd:02 1442309                    /home/Parhs/Documents/Programming/Java/mywms/jboss-4.2.3.GA/server/default/deploy/los.reference.ear/lib/core.jar
7fb51d1e0000-7fb51d1e1000 r-xs 00008000 fd:02 1439402                    /home/Parhs/Documents/Programming/Java/mywms/jboss-4.2.3.GA/server/default/deploy/los.reference.ear/lib/jasperreports-extensions-3.5.3.jar
7fb51d1e1000-7fb51d22c000 r-xs 00670000 fd:02 1439399                    /home/Parhs/Documents/Programming/Java/mywms/jboss-4.2.3.GA/server/default/deploy/los.reference.ear/lib/iReport.jar
7fb51d22c000-7fb51d238000 r-xs 00108000 fd:02 1439400                    /home/Parhs/Documents/Programming/Java/mywms/jboss-4.2.3.GA/server/default/deploy/los.reference.ear/lib/itext-1.02b.jar
7fb51d238000-7fb51d245000 r-xs 0007f000 fd:02 1439394                    /home/Parhs/Documents/Programming/Java/mywms/jboss-4.2.3.GA/server/default/deploy/los.reference.ear/lib/commons-collections-3.2.jar
7fb51d245000-7fb51d260000 r-xs 00158000 fd:02 1439405                    /home/Parhs/Documents/Programming/Java/mywms/jboss-4.2.3.GA/server/default/deploy/los.reference.ear/lib/poi-2.5.1-final-20040804.jar
7fb51d260000-7fb51d263000 ---p 00000000 00:00 0 
7fb51d263000-7fb51d361000 rwxp 00000000 00:00 0 
7fb51d361000-7fb51d364000 ---p 00000000 00:00 0 
7fb51d364000-7fb51d462000 rwxp 00000000 00:00 0 
7fb51d462000-7fb51d465000 ---p 00000000 00:00 0 
7fb51d465000-7fb51d563000 rwxp 00000000 00:00 0 
7fb51d563000-7fb51d566000 ---p 00000000 00:00 0 
7fb51d566000-7fb51d664000 rwxp 00000000 00:00 0 
7fb51d664000-7fb51d667000 ---p 00000000 00:00 0 
7fb51d667000-7fb51d765000 rwxp 00000000 00:00 0 
7fb51d765000-7fb51d768000 ---p 00000000 00:00 0 
7fb51d768000-7fb51d866000 rwxp 00000000 00:00 0 
7fb51d866000-7fb51d869000 ---p 00000000 00:00 0 
7fb51d869000-7fb51d967000 rwxp 00000000 00:00 0 
7fb51d967000-7fb51d96a000 ---p 00000000 00:00 0 
7fb51d96a000-7fb51da68000 rwxp 00000000 00:00 0 
7fb51da68000-7fb51da6b000 ---p 00000000 00:00 0 
7fb51da6b000-7fb51db69000 rwxp 00000000 00:00 0 
7fb51db69000-7fb51db6c000 ---p 00000000 00:00 0 
7fb51db6c000-7fb51dc6a000 rwxp 00000000 00:00 0 
7fb51dc6a000-7fb51dc6d000 ---p 00000000 00:00 0 
7fb51dc6d000-7fb51dd6b000 rwxp 00000000 00:00 0 
7fb51dd6b000-7fb51dd6e000 ---p 00000000 00:00 0 
7fb51dd6e000-7fb51de6c000 rwxp 00000000 00:00 0 
7fb51de6c000-7fb51de6f000 ---p 00000000 00:00 0 
7fb51de6f000-7fb51df6d000 rwxp 00000000 00:00 0 
7fb51df6d000-7fb51df70000 ---p 00000000 00:00 0 
7fb51df70000-7fb51e06e000 rwxp 00000000 00:00 0 
7fb51e06e000-7fb51e071000 ---p 00000000 00:00 0 
7fb51e071000-7fb51e16f000 rwxp 00000000 00:00 0 
7fb51e16f000-7fb524000000 r-xp 00000000 fd:00 6240                       /usr/lib/locale/locale-archive
7fb524000000-7fb524030000 rwxp 00000000 00:00 0 
7fb524030000-7fb528000000 ---p 00000000 00:00 0 
7fb528000000-7fb528021000 rwxp 00000000 00:00 0 
7fb528021000-7fb52c000000 ---p 00000000 00:00 0 
7fb52c000000-7fb52c877000 rwxp 00000000 00:00 0 
7fb52c877000-7fb530000000 ---p 00000000 00:00 0 
7fb530000000-7fb530006000 r-xs 00025000 fd:02 393251                     /home/Parhs/Documents/Programming/Java/mywms/jboss-4.2.3.GA/server/default/tmp/deploy/tmp3292738860183445698los.common-comp.jar (deleted)
7fb530006000-7fb530008000 r-xs 00013000 fd:02 1439397                    /home/Parhs/Documents/Programming/Java/mywms/jboss-4.2.3.GA/server/default/deploy/los.reference.ear/lib/commons-validator-1.1.4.jar
7fb530008000-7fb530009000 r-xs 00eb8000 fd:02 1439398                    /home/Parhs/Documents/Programming/Java/mywms/jboss-4.2.3.GA/server/default/deploy/los.reference.ear/lib/fonts.jar
7fb530009000-7fb53000c000 r-xs 00029000 fd:02 1439404                    /home/Parhs/Documents/Programming/Java/mywms/jboss-4.2.3.GA/server/default/deploy/los.reference.ear/lib/jsch-0.1.39.jar
7fb53000c000-7fb530011000 r-xs 00028000 fd:02 393249                     /home/Parhs/Documents/Programming/Java/mywms/jboss-4.2.3.GA/server/default/tmp/deploy/tmp2869856165256396175myWMS-comp.jar (deleted)
7fb530011000-7fb530013000 r-xs 00009000 fd:02 393248                     /home/Parhs/Documents/Programming/Java/mywms/jboss-4.2.3.GA/server/default/tmp/deploy/tmp3675242363134610020project-ejb3.jar (deleted)
7fb530013000-7fb530014000 r-xs 00000000 fd:02 393247                     /home/Parhs/Documents/Programming/Java/mywms/jboss-4.2.3.GA/server/default/tmp/deploy/tmp6650867410641083287project-par.jar (deleted)
7fb530014000-7fb530015000 r-xs 00004000 fd:02 393383                     /home/Parhs/Documents/Programming/Java/mywms/jboss-4.2.3.GA/server/default/tmp/deploy/tmp3979614734735690557los.mobile-comp.jar (deleted)
7fb530015000-7fb530017000 r-xs 0000c000 fd:02 393382                     /home/Parhs/Documents/Programming/Java/mywms/jboss-4.2.3.GA/server/default/tmp/deploy/tmp8344633909675186010los.stocktaking-comp.jar (deleted)
7fb530017000-7fb530026000 r-xs 000a2000 fd:02 393381                     /home/Parhs/Documents/Programming/Java/mywms/jboss-4.2.3.GA/server/default/tmp/deploy/tmp1662474209803531240los.inventory-comp.jar (deleted)
7fb530026000-7fb53002b000 r-xs 00024000 fd:02 393380                     /home/Parhs/Documents/Programming/Java/mywms/jboss-4.2.3.GA/server/default/tmp/deploy/tmp4167803683601643170los.location-comp.jar (deleted)
7fb53002b000-7fb530031000 r-xs 00025000 fd:02 393379                     /home/Parhs/Documents/Programming/Java/mywms/jboss-4.2.3.GA/server/default/tmp/deploy/tmp3222369393355389065los.common-comp.jar (deleted)
7fb530031000-7fb530036000 r-xs 00028000 fd:02 393378                     /home/Parhs/Documents/Programming/Java/mywms/jboss-4.2.3.GA/server/default/tmp/deploy/tmp4095919836759078493myWMS-comp.jar (deleted)
7fb530036000-7fb530038000 r-xs 00009000 fd:02 393377                     /home/Parhs/Documents/Programming/Java/mywms/jboss-4.2.3.GA/server/default/tmp/deploy/tmp5630824264198349518project-ejb3.jar (deleted)
7fb530038000-7fb530039000 r-xs 00000000 fd:02 393376                     /home/Parhs/Documents/Programming/Java/mywms/jboss-4.2.3.GA/server/default/tmp/deploy/tmp3401996129847324810project-par.jar (deleted)
7fb530039000-7fb530041000 r-xs 00115000 fd:00 397222                     /usr/java/jdk1.6.0_38/jre/lib/resources.jar
7fb530041000-7fb530044000 ---p 00000000 00:00 0 
7fb530044000-7fb530142000 rwxp 00000000 00:00 0 
7fb530142000-7fb530143000 r-xs 00001000 fd:02 393372                     /home/Parhs/Documents/Programming/Java/mywms/jboss-4.2.3.GA/server/default/tmp/deploy/tmp6925208071504108309quartz-ra.rar-contents/quartz-ra.jar
7fb530143000-7fb530144000 r-xs 00001000 fd:02 393370                     /home/Parhs/Documents/Programming/Java/mywms/jboss-4.2.3.GA/server/default/tmp/deploy/tmp6925208071504108309quartz-ra.rar
7fb530144000-7fb530147000 ---p 00000000 00:00 0 
7fb530147000-7fb530245000 rwxp 00000000 00:00 0 
7fb530245000-7fb530246000 r-xs 00002000 fd:02 393369                     /home/Parhs/Documents/Programming/Java/mywms/jboss-4.2.3.GA/server/default/tmp/deploy/tmp8380206544920922476mail-ra.rar-contents/mail-ra.jar
7fb530246000-7fb530247000 r-xs 00002000 fd:02 393367                     /home/Parhs/Documents/Programming/Java/mywms/jboss-4.2.3.GA/server/default/tmp/deploy/tmp8380206544920922476mail-ra.rar
7fb530247000-7fb530249000 r-xs 00013000 fd:02 393366                     /home/Parhs/Documents/Programming/Java/mywms/jboss-4.2.3.GA/server/default/tmp/deploy/tmp8514010720552773905jms-ra.rar-contents/jms-ra.jar
7fb530249000-7fb53024a000 r-xs 00013000 fd:02 393364                     /home/Parhs/Documents/Programming/Java/mywms/jboss-4.2.3.GA/server/default/tmp/deploy/tmp8514010720552773905jms-ra.rar
7fb53024a000-7fb53024b000 r-xs 00003000 fd:02 393363                     /home/Parhs/Documents/Programming/Java/mywms/jboss-4.2.3.GA/server/default/tmp/deploy/tmp6403202056802964837jboss-xa-jdbc.rar-contents/jboss-xa-jdbc.jar
7fb53024b000-7fb53024c000 r-xs 00003000 fd:02 393361                     /home/Parhs/Documents/Programming/Java/mywms/jboss-4.2.3.GA/server/default/tmp/deploy/tmp6403202056802964837jboss-xa-jdbc.rar
7fb53024c000-7fb53024d000 r-xs 00002000 fd:02 393360                     /home/Parhs/Documents/Programming/Java/mywms/jboss-4.2.3.GA/server/default/tmp/deploy/tmp6186346919947548642jboss-local-jdbc.rar-contents/jboss-local-jdbc.jar
7fb53024d000-7fb53024e000 r-xs 00002000 fd:02 393358                     /home/Parhs/Documents/Programming/Java/mywms/jboss-4.2.3.GA/server/default/tmp/deploy/tmp6186346919947548642jboss-local-jdbc.rar
7fb53024e000-7fb53024f000 r-xs 00001000 fd:02 393357                     /home/Parhs/Documents/Programming/Java/mywms/jboss-4.2.3.GA/server/default/tmp/deploy/tmp256868129218725759jboss-ha-xa-jdbc.rar-contents/jboss-ha-xa-jdbc.jar
7fb53024f000-7fb530250000 r-xs 00002000 fd:02 393355                     /home/Parhs/Documents/Programming/Java/mywms/jboss-4.2.3.GA/server/default/tmp/deploy/tmp256868129218725759jboss-ha-xa-jdbc.rar
7fb530250000-7fb530251000 r-xs 00001000 fd:02 393354                     /home/Parhs/Documents/Programming/Java/mywms/jboss-4.2.3.GA/server/default/tmp/deploy/tmp6308578532263462419jboss-ha-local-jdbc.rar-contents/jboss-ha-local-jdbc.jar
7fb530251000-7fb530254000 ---p 00000000 00:00 0 
7fb530254000-7fb530352000 rwxp 00000000 00:00 0 
7fb530352000-7fb530355000 ---p 00000000 00:00 0 
7fb530355000-7fb530453000 rwxp 00000000 00:00 0 
7fb530453000-7fb530456000 r-xs 00027000 fd:00 397106                     /usr/java/jdk1.6.0_38/jre/lib/ext/sunjce_provider.jar
7fb530456000-7fb530463000 r-xs 00101000 fd:02 393334                     /home/Parhs/Documents/Programming/Java/mywms/jboss-4.2.3.GA/server/default/tmp/deploy/tmp4872587395093660080jfreechart.jar
7fb530463000-7fb530469000 r-xs 00047000 fd:02 393333                     /home/Parhs/Documents/Programming/Java/mywms/jboss-4.2.3.GA/server/default/tmp/deploy/tmp4973178129002517047jcommon.jar
7fb530469000-7fb53046d000 r-xs 00020000 fd:02 393332                     /home/Parhs/Documents/Programming/Java/mywms/jboss-4.2.3.GA/server/default/tmp/deploy/tmp2887723996724181569console-mgr-classes.jar
7fb53046d000-7fb530470000 ---p 00000000 00:00 0 
7fb530470000-7fb53056e000 rwxp 00000000 00:00 0 
7fb53056e000-7fb530575000 r-xs 00040000 fd:02 393331                     /home/Parhs/Documents/Programming/Java/mywms/jboss-4.2.3.GA/server/default/tmp/deploy/tmp831307088538241448xmlsec.jar
7fb530575000-7fb53057b000 r-xs 00071000 fd:02 393330                     /home/Parhs/Documents/Programming/Java/mywms/jboss-4.2.3.GA/server/default/tmp/deploy/tmp1034597885932405475wstx.jar
7fb53057b000-7fb53057f000 r-xs 0002b000 fd:02 393296                     /home/Parhs/Documents/Programming/Java/mywms/jboss-4.2.3.GA/server/default/tmp/deploy/tmp8446409449140151870wsdl4j.jar
7fb53057f000-7fb530581000 r-xs 00005000 fd:02 393295                     /home/Parhs/Documents/Programming/Java/mywms/jboss-4.2.3.GA/server/default/tmp/deploy/tmp2530201774464746589stax-api.jar
7fb530581000-7fb530582000 r-xs 00009000 fd:02 393294                     /home/Parhs/Documents/Programming/Java/mywms/jboss-4.2.3.GA/server/default/tmp/deploy/tmp1468213160022346190policy.jar
7fb530582000-7fb530584000 r-xs 0000c000 fd:02 393292                     /home/Parhs/Documents/Programming/Java/mywms/jboss-4.2.3.GA/server/default/tmp/deploy/tmp2048098891107623713jettison.jar
7fb530584000-7fb530588000 r-xs 0002b000 fd:02 1437260                    /home/Parhs/Documents/Programming/Java/mywms/jboss-4.2.3.GA/server/default/deploy/jbossws.sar/wsdl4j.jar
7fb530588000-7fb53058a000 r-xs 00005000 fd:02 1437259                    /home/Parhs/Documents/Programming/Java/mywms/jboss-4.2.3.GA/server/default/deploy/jbossws.sar/stax-api.jar
7fb53058a000-7fb53058b000 r-xs 00009000 fd:02 1437258                    /home/Parhs/Documents/Programming/Java/mywms/jboss-4.2.3.GA/server/default/deploy/jbossws.sar/policy.jar
7fb53058b000-7fb5305a4000 r-xs 00179000 fd:02 393288                     /home/Parhs/Documents/Programming/Java/mywms/jboss-4.2.3.GA/server/default/tmp/deploy/tmp465693001574240545jbossws-core.jar
7fb5305a4000-7fb5305a6000 r-xs 00005000 fd:02 393287                     /home/Parhs/Documents/Programming/Java/mywms/jboss-4.2.3.GA/server/default/tmp/deploy/tmp2020865854011380601jboss-jaxb-intros.jar
7fb5305a6000-7fb5305b8000 r-xs 000c1000 fd:02 393286                     /home/Parhs/Documents/Programming/Java/mywms/jboss-4.2.3.GA/server/default/tmp/deploy/tmp4717263785355762721jaxb-impl.jar
7fb5305b8000-7fb5305bd000 r-xs 00043000 fd:02 393284                     /home/Parhs/Documents/Programming/Java/mywms/jboss-4.2.3.GA/server/default/tmp/deploy/tmp4356762864099238143FastInfoset.jar
7fb5305bd000-7fb5305c6000 r-xs 0005e000 fd:02 393279                     /home/Parhs/Documents/Programming/Java/mywms/jboss-4.2.3.GA/server/default/tmp/deploy/tmp2552502167258431998jstl.jar
7fb5305c6000-7fb5305d0000 r-xs 000c2000 fd:02 393278                     /home/Parhs/Documents/Programming/Java/mywms/jboss-4.2.3.GA/server/default/tmp/deploy/tmp5433270146431688563jsf-impl.jar
7fb5305d0000-7fb5305d6000 r-xs 0004f000 fd:02 393277                     /home/Parhs/Documents/Programming/Java/mywms/jboss-4.2.3.GA/server/default/tmp/deploy/tmp5157732846396584096jsf-api.jar
7fb5305d6000-7fb5305f6000 r-xs 0023a000 fd:02 393275                     /home/Parhs/Documents/Programming/Java/mywms/jboss-4.2.3.GA/server/default/tmp/deploy/tmp6435318515349455855jbossweb.jar
7fb5305f6000-7fb5305f9000 ---p 00000000 00:00 0 
7fb5305f9000-7fb5306f7000 rwxp 00000000 00:00 0 
7fb5306f7000-7fb5306fa000 ---p 00000000 00:00 0 
7fb5306fa000-7fb5307f8000 rwxp 00000000 00:00 0 
7fb5307f8000-7fb5307fb000 ---p 00000000 00:00 0 
7fb5307fb000-7fb5308f9000 rwxp 00000000 00:00 0 
7fb5308f9000-7fb5308fc000 ---p 00000000 00:00 0 
7fb5308fc000-7fb5309fa000 rwxp 00000000 00:00 0 
7fb5309fa000-7fb5309fd000 ---p 00000000 00:00 0 
7fb5309fd000-7fb530afb000 rwxp 00000000 00:00 0 
7fb530afb000-7fb530afe000 ---p 00000000 00:00 0 
7fb530afe000-7fb530bfc000 rwxp 00000000 00:00 0 
7fb530bfc000-7fb530bff000 ---p 00000000 00:00 0 
7fb530bff000-7fb530cfd000 rwxp 00000000 00:00 0 
7fb530cfd000-7fb530d00000 ---p 00000000 00:00 0 
7fb530d00000-7fb530dfe000 rwxp 00000000 00:00 0 
7fb530dfe000-7fb530e01000 ---p 00000000 00:00 0 
7fb530e01000-7fb530eff000 rwxp 00000000 00:00 0 
7fb530eff000-7fb530f02000 ---p 00000000 00:00 0 
7fb530f02000-7fb5315e0000 rwxp 00000000 00:00 0 
7fb5315e0000-7fb53410d000 rwxp 00000000 00:00 0 
7fb53410d000-7fb538000000 ---p 00000000 00:00 0 
7fb538000000-7fb538001000 r-xs 00001000 fd:02 393352                     /home/Parhs/Documents/Programming/Java/mywms/jboss-4.2.3.GA/server/default/tmp/deploy/tmp6308578532263462419jboss-ha-local-jdbc.rar
7fb538001000-7fb538004000 r-xs 00011000 fd:02 393285                     /home/Parhs/Documents/Programming/Java/mywms/jboss-4.2.3.GA/server/default/tmp/deploy/tmp1717428868589622625jaxb-api.jar
7fb538004000-7fb538006000 r-xs 00001000 fd:02 393276                     /home/Parhs/Documents/Programming/Java/mywms/jboss-4.2.3.GA/server/default/tmp/deploy/tmp7388843265615993923jboss-faces.jar
7fb538006000-7fb53800a000 r-xs 00036000 fd:02 393274                     /home/Parhs/Documents/Programming/Java/mywms/jboss-4.2.3.GA/server/default/tmp/deploy/tmp4982586517711195180jbossweb-service.jar
7fb53800a000-7fb53800c000 r-xs 0000a000 fd:02 393273                     /home/Parhs/Documents/Programming/Java/mywms/jboss-4.2.3.GA/server/default/tmp/deploy/tmp9177564240940234385jbossweb-extras.jar
7fb53800c000-7fb538018000 r-xs 00146000 fd:02 393271                     /home/Parhs/Documents/Programming/Java/mywms/jboss-4.2.3.GA/server/default/tmp/deploy/tmp2692210528589717972jasper-jdt.jar
7fb538018000-7fb53801f000 r-xs 0002f000 fd:02 393270                     /home/Parhs/Documents/Programming/Java/mywms/jboss-4.2.3.GA/server/default/tmp/deploy/tmp7471877099471386201jboss-microcontainer.jar
7fb53801f000-7fb538020000 r-xs 00004000 fd:02 393269                     /home/Parhs/Documents/Programming/Java/mywms/jboss-4.2.3.GA/server/default/tmp/deploy/tmp2401590616120705544jboss-dependency.jar
7fb538020000-7fb538022000 r-xs 0000d000 fd:02 393268                     /home/Parhs/Documents/Programming/Java/mywms/jboss-4.2.3.GA/server/default/tmp/deploy/tmp935782967890966740jboss-container.jar
7fb538022000-7fb538023000 r-xs 00001000 fd:02 393267                     /home/Parhs/Documents/Programming/Java/mywms/jboss-4.2.3.GA/server/default/tmp/deploy/tmp400467095779274610jboss-bean-deployer.jar
7fb538023000-7fb53802c000 r-xs 00056000 fd:02 393266                     /home/Parhs/Documents/Programming/Java/mywms/jboss-4.2.3.GA/server/default/tmp/deploy/tmp7643416510417013479trove.jar
7fb53802c000-7fb53802d000 r-xs 00001000 fd:02 393265                     /home/Parhs/Documents/Programming/Java/mywms/jboss-4.2.3.GA/server/default/tmp/deploy/tmp7178504784489931144pluggable-instrumentor.jar
7fb53802d000-7fb53802e000 r-xs 00001000 fd:02 393264                     /home/Parhs/Documents/Programming/Java/mywms/jboss-4.2.3.GA/server/default/tmp/deploy/tmp1910765249218193370jrockit-pluggable-instrumentor.jar
7fb53802e000-7fb538036000 r-xs 00044000 fd:02 393263                     /home/Parhs/Documents/Programming/Java/mywms/jboss-4.2.3.GA/server/default/tmp/deploy/tmp3915847256067214604jboss-aspect-library-jdk50.jar
7fb538036000-7fb538043000 r-xs 000d6000 fd:02 393262                     /home/Parhs/Documents/Programming/Java/mywms/jboss-4.2.3.GA/server/default/tmp/deploy/tmp7893229005413367204jboss-aop-jdk50.jar
7fb538043000-7fb53804f000 r-xs 000b9000 fd:02 393261                     /home/Parhs/Documents/Programming/Java/mywms/jboss-4.2.3.GA/server/default/tmp/deploy/tmp8485375757260544133jboss-ejb3.jar
7fb53804f000-7fb538052000 r-xs 00008000 fd:02 393260                     /home/Parhs/Documents/Programming/Java/mywms/jboss-4.2.3.GA/server/default/tmp/deploy/tmp3527736976486512106jboss-annotations-ejb3.jar
7fb538052000-7fb538055000 r-xs 00036000 fd:00 397107                     /usr/java/jdk1.6.0_38/jre/lib/ext/sunpkcs11.jar
7fb538055000-7fb538058000 r-xs 00013000 fd:00 397160                     /usr/java/jdk1.6.0_38/jre/lib/jce.jar
7fb538058000-7fb53805b000 ---p 00000000 00:00 0 
7fb53805b000-7fb538159000 rwxp 00000000 00:00 0 
7fb538159000-7fb53815c000 ---p 00000000 00:00 0 
7fb53815c000-7fb53825a000 rwxp 00000000 00:00 0 
7fb53825a000-7fb53825d000 ---p 00000000 00:00 0 
7fb53825d000-7fb53835b000 rwxp 00000000 00:00 0 
7fb53835b000-7fb53835e000 ---p 00000000 00:00 0 
7fb53835e000-7fb53845c000 rwxp 00000000 00:00 0 
7fb53845c000-7fb53845f000 ---p 00000000 00:00 0 
7fb53845f000-7fb53855d000 rwxp 00000000 00:00 0 
7fb53855d000-7fb538560000 ---p 00000000 00:00 0 
7fb538560000-7fb53865e000 rwxp 00000000 00:00 0 
7fb53865e000-7fb538665000 r-xs 00095000 fd:00 397223                     /usr/java/jdk1.6.0_38/jre/lib/jsse.jar
7fb538665000-7fb538668000 ---p 00000000 00:00 0 
7fb538668000-7fb538766000 rwxp 00000000 00:00 0 
7fb538766000-7fb53876d000 r-xs 0004d000 fd:02 1437325                    /home/Parhs/Documents/Programming/Java/mywms/jboss-4.2.3.GA/server/default/lib/jboss-iiop.jar
7fb53876d000-7fb53876e000 r-xs 00003000 fd:02 1437356                    /home/Parhs/Documents/Programming/Java/mywms/jboss-4.2.3.GA/server/default/lib/log4j-snmp-appender.jar
7fb53876e000-7fb53876f000 r-xs 00004000 fd:02 1437323                    /home/Parhs/Documents/Programming/Java/mywms/jboss-4.2.3.GA/server/default/lib/jboss-ejb3x.jar
7fb53876f000-7fb538778000 r-xs 00075000 fd:02 1437302                    /home/Parhs/Documents/Programming/Java/mywms/jboss-4.2.3.GA/server/default/lib/bcel.jar
7fb538778000-7fb538783000 r-xs 0007b000 fd:02 1437344                    /home/Parhs/Documents/Programming/Java/mywms/jboss-4.2.3.GA/server/default/lib/jbossjta.jar
7fb538783000-7fb538784000 r-xs 00006000 fd:02 1437343                    /home/Parhs/Documents/Programming/Java/mywms/jboss-4.2.3.GA/server/default/lib/jbossjta-integration.jar
7fb538784000-7fb538786000 r-xs 0000c000 fd:02 1437340                    /home/Parhs/Documents/Programming/Java/mywms/jboss-4.2.3.GA/server/default/lib/jboss-transaction.jar
7fb538786000-7fb538789000 r-xs 00019000 fd:02 1437316                    /home/Parhs/Documents/Programming/Java/mywms/jboss-4.2.3.GA/server/default/lib/hibernate-entitymanager.jar
7fb538789000-7fb538799000 r-xs 00170000 fd:02 1437360                    /home/Parhs/Documents/Programming/Java/mywms/jboss-4.2.3.GA/server/default/lib/ojdbc14.jar
7fb538799000-7fb53879e000 r-xs 00030000 fd:02 1437310                    /home/Parhs/Documents/Programming/Java/mywms/jboss-4.2.3.GA/server/default/lib/commons-httpclient.jar
7fb53879e000-7fb53879f000 r-xs 0000b000 fd:02 1437353                    /home/Parhs/Documents/Programming/Java/mywms/jboss-4.2.3.GA/server/default/lib/jnpserver.jar
7fb53879f000-7fb5387ab000 r-xs 0005c000 fd:02 1437326                    /home/Parhs/Documents/Programming/Java/mywms/jboss-4.2.3.GA/server/default/lib/jboss-j2ee.jar
7fb5387ab000-7fb5387c9000 r-xs 001ea000 fd:02 1437342                    /home/Parhs/Documents/Programming/Java/mywms/jboss-4.2.3.GA/server/default/lib/jboss.jar
7fb5387c9000-7fb5387cb000 r-xs 00007000 fd:02 1437352                    /home/Parhs/Documents/Programming/Java/mywms/jboss-4.2.3.GA/server/default/lib/jmx-adaptor-plugin.jar
7fb5387cb000-7fb5387cd000 r-xs 00000000 fd:02 1437301                    /home/Parhs/Documents/Programming/Java/mywms/jboss-4.2.3.GA/server/default/lib/autonumber-plugin.jar
7fb5387cd000-7fb5387d0000 r-xs 00012000 fd:02 1437354                    /home/Parhs/Documents/Programming/Java/mywms/jboss-4.2.3.GA/server/default/lib/joesnmp.jar
7fb5387d0000-7fb5387f1000 r-xs 0020b000 fd:02 1437317                    /home/Parhs/Documents/Programming/Java/mywms/jboss-4.2.3.GA/server/default/lib/hibernate3.jar
7fb5387f1000-7fb5387f2000 r-xs 00000000 fd:02 1437367                    /home/Parhs/Documents/Programming/Java/mywms/jboss-4.2.3.GA/server/default/lib/xmlentitymgr.jar
7fb5387f2000-7fb5387f6000 r-xs 0001a000 fd:02 1437341                    /home/Parhs/Documents/Programming/Java/mywms/jboss-4.2.3.GA/server/default/lib/jboss-vfs.jar
7fb5387f6000-7fb5387f7000 r-xs 00000000 fd:02 1437364                    /home/Parhs/Documents/Programming/Java/mywms/jboss-4.2.3.GA/server/default/lib/scheduler-plugin-example.jar
7fb5387f7000-7fb5387f9000 r-xs 00001000 fd:02 1437335                    /home/Parhs/Documents/Programming/Java/mywms/jboss-4.2.3.GA/server/default/lib/jboss-remoting-int.jar
7fb5387f9000-7fb538800000 r-xs 00050000 fd:02 1437357                    /home/Parhs/Documents/Programming/Java/mywms/jboss-4.2.3.GA/server/default/lib/log4j.jar
7fb538800000-7fb538801000 r-xs 00001000 fd:02 1437358                    /home/Parhs/Documents/Programming/Java/mywms/jboss-4.2.3.GA/server/default/lib/mail-plugin.jar
7fb538801000-7fb538802000 r-xs 00003000 fd:02 1437324                    /home/Parhs/Documents/Programming/Java/mywms/jboss-4.2.3.GA/server/default/lib/jboss-hibernate.jar
7fb538802000-7fb538813000 r-xs 000cd000 fd:02 1437336                    /home/Parhs/Documents/Programming/Java/mywms/jboss-4.2.3.GA/server/default/lib/jboss-remoting.jar
7fb538813000-7fb538819000 r-xs 00059000 fd:02 1437359                    /home/Parhs/Documents/Programming/Java/mywms/jboss-4.2.3.GA/server/default/lib/mail.jar
7fb538819000-7fb53881b000 r-xs 0000c000 fd:02 1437311                    /home/Parhs/Documents/Programming/Java/mywms/jboss-4.2.3.GA/server/default/lib/commons-logging.jar
7fb53881b000-7fb53881d000 r-xs 0000d000 fd:02 1437299                    /home/Parhs/Documents/Programming/Java/mywms/jboss-4.2.3.GA/server/default/lib/activation.jar
7fb53881d000-7fb53881f000 r-xs 00005000 fd:02 1437337                    /home/Parhs/Documents/Programming/Java/mywms/jboss-4.2.3.GA/server/default/lib/jboss-saaj.jar
7fb53881f000-7fb538821000 r-xs 00007000 fd:02 1437329                    /home/Parhs/Documents/Programming/Java/mywms/jboss-4.2.3.GA/server/default/lib/jboss-jaxws.jar
7fb538821000-7fb538824000 r-xs 00005000 fd:02 1437327                    /home/Parhs/Documents/Programming/Java/mywms/jboss-4.2.3.GA/server/default/lib/jboss-jaxrpc.jar
7fb538824000-7fb538828000 r-xs 00016000 fd:02 1437351                    /home/Parhs/Documents/Programming/Java/mywms/jboss-4.2.3.GA/server/default/lib/jbossws-spi.jar
7fb538828000-7fb53882b000 r-xs 00006000 fd:02 1437328                    /home/Parhs/Documents/Programming/Java/mywms/jboss-4.2.3.GA/server/default/lib/jboss-jaxws-ext.jar
7fb53882b000-7fb53882d000 r-xs 0000e000 fd:02 1437332                    /home/Parhs/Documents/Programming/Java/mywms/jboss-4.2.3.GA/server/default/lib/jboss-jsr88.jar
7fb53882d000-7fb53882f000 r-xs 00001000 fd:02 1437318                    /home/Parhs/Documents/Programming/Java/mywms/jboss-4.2.3.GA/server/default/lib/hsqldb-plugin.jar
7fb53882f000-7fb53883c000 r-xs 0007c000 fd:02 1437309                    /home/Parhs/Documents/Programming/Java/mywms/jboss-4.2.3.GA/server/default/lib/commons-collections.jar
7fb53883c000-7fb538845000 r-xs 00064000 fd:02 1437315                    /home/Parhs/Documents/Programming/Java/mywms/jboss-4.2.3.GA/server/default/lib/hibernate-annotations.jar
7fb538845000-7fb538847000 r-xs 00018000 fd:02 1437322                    /home/Parhs/Documents/Programming/Java/mywms/jboss-4.2.3.GA/server/default/lib/jboss-common-jdbc-wrapper.jar
7fb538847000-7fb53884d000 r-xs 00047000 fd:02 1437346                    /home/Parhs/Documents/Programming/Java/mywms/jboss-4.2.3.GA/server/default/lib/jbosssx.jar
7fb53884d000-7fb53884e000 r-xs 00006000 fd:02 1437314                    /home/Parhs/Documents/Programming/Java/mywms/jboss-4.2.3.GA/server/default/lib/el-api.jar
7fb53884e000-7fb538855000 r-xs 0004a000 fd:02 1437307                    /home/Parhs/Documents/Programming/Java/mywms/jboss-4.2.3.GA/server/default/lib/cglib.jar
7fb538855000-7fb53885a000 r-xs 00030000 fd:02 1437330                    /home/Parhs/Documents/Programming/Java/mywms/jboss-4.2.3.GA/server/default/lib/jboss-jca.jar
7fb53885a000-7fb53885e000 r-xs 00022000 fd:02 1437333                    /home/Parhs/Documents/Programming/Java/mywms/jboss-4.2.3.GA/server/default/lib/jboss-management.jar
7fb53885e000-7fb538860000 r-xs 0000a000 fd:02 1437308                    /home/Parhs/Documents/Programming/Java/mywms/jboss-4.2.3.GA/server/default/lib/commons-codec.jar
7fb538860000-7fb538862000 r-xs 00004000 fd:02 1437303                    /home/Parhs/Documents/Programming/Java/mywms/jboss-4.2.3.GA/server/default/lib/bindingservice-plugin.jar
7fb538862000-7fb538867000 r-xs 00035000 fd:02 1437306                    /home/Parhs/Documents/Programming/Java/mywms/jboss-4.2.3.GA/server/default/lib/bsh.jar
7fb538867000-7fb538869000 r-xs 00001000 fd:02 1437362                    /home/Parhs/Documents/Programming/Java/mywms/jboss-4.2.3.GA/server/default/lib/properties-plugin.jar
7fb538869000-7fb53886f000 r-xs 00077000 fd:02 1437361                    /home/Parhs/Documents/Programming/Java/mywms/jboss-4.2.3.GA/server/default/lib/postgresql-9.1-901.jdbc3.jar
7fb53886f000-7fb538872000 r-xs 00012000 fd:02 1437355                    /home/Parhs/Documents/Programming/Java/mywms/jboss-4.2.3.GA/server/default/lib/jsp-api.jar
7fb538872000-7fb53887b000 r-xs 000a4000 fd:02 1437319                    /home/Parhs/Documents/Programming/Java/mywms/jboss-4.2.3.GA/server/default/lib/hsqldb.jar
7fb53887b000-7fb53887d000 r-xs 0000a000 fd:02 1437339                    /home/Parhs/Documents/Programming/Java/mywms/jboss-4.2.3.GA/server/default/lib/jboss-srp.jar
7fb53887d000-7fb538882000 r-xs 0005b000 fd:02 1437363                    /home/Parhs/Documents/Programming/Java/mywms/jboss-4.2.3.GA/server/default/lib/quartz.jar
7fb538882000-7fb538885000 r-xs 00014000 fd:02 1437349                    /home/Parhs/Documents/Programming/Java/mywms/jboss-4.2.3.GA/server/default/lib/jbossws-framework.jar
7fb538885000-7fb538888000 r-xs 00011000 fd:02 1437350                    /home/Parhs/Documents/Programming/Java/mywms/jboss-4.2.3.GA/server/default/lib/jbossws-jboss42.jar
7fb538888000-7fb53888d000 r-xs 00052000 fd:02 1437300                    /home/Parhs/Documents/Programming/Java/mywms/jboss-4.2.3.GA/server/default/lib/antlr.jar
7fb53888d000-7fb538890000 r-xs 0001c000 fd:02 1437338                    /home/Parhs/Documents/Programming/Java/mywms/jboss-4.2.3.GA/server/default/lib/jboss-serialization.jar
7fb538890000-7fb538892000 r-xs 0000c000 fd:02 1437334                    /home/Parhs/Documents/Programming/Java/mywms/jboss-4.2.3.GA/server/default/lib/jboss-monitoring.jar
7fb538892000-7fb538894000 r-xs 00002000 fd:02 1437331                    /home/Parhs/Documents/Programming/Java/mywms/jboss-4.2.3.GA/server/default/lib/jboss-jsr77.jar
7fb538894000-7fb53889c000 r-xs 0007c000 fd:02 1437345                    /home/Parhs/Documents/Programming/Java/mywms/jboss-4.2.3.GA/server/default/lib/jbossmq.jar
7fb53889c000-7fb5388a0000 r-xs 00025000 fd:02 1437304                    /home/Parhs/Documents/Programming/Java/mywms/jboss-4.2.3.GA/server/default/lib/bsf.jar
7fb5388a0000-7fb5388a2000 r-xs 0000a000 fd:02 1437365                    /home/Parhs/Documents/Programming/Java/mywms/jboss-4.2.3.GA/server/default/lib/scheduler-plugin.jar
7fb5388a2000-7fb5388a4000 r-xs 00014000 fd:02 1437366                    /home/Parhs/Documents/Programming/Java/mywms/jboss-4.2.3.GA/server/default/lib/servlet-api.jar
7fb5388a4000-7fb5388aa000 r-xs 00032000 fd:02 1437321                    /home/Parhs/Documents/Programming/Java/mywms/jboss-4.2.3.GA/server/default/lib/jaxen.jar
7fb5388aa000-7fb5388af000 r-xs 00048000 fd:02 1437312                    /home/Parhs/Documents/Programming/Java/mywms/jboss-4.2.3.GA/server/default/lib/dom4j.jar
7fb5388af000-7fb5388b2000 r-xs 0000a000 fd:02 1437313                    /home/Parhs/Documents/Programming/Java/mywms/jboss-4.2.3.GA/server/default/lib/ejb3-persistence.jar
7fb5388b2000-7fb5388ba000 r-xs 0008b000 fd:02 1437320                    /home/Parhs/Documents/Programming/Java/mywms/jboss-4.2.3.GA/server/default/lib/javassist.jar
7fb5388ba000-7fb5388c5000 r-xs 0009c000 fd:02 1438910                    /home/Parhs/Documents/Programming/Java/mywms/jboss-4.2.3.GA/server/default/lib/jaybird-full-2.1.6.jar
7fb5388c5000-7fb5388c7000 r-xs 0000e000 fd:02 1437347                    /home/Parhs/Documents/Programming/Java/mywms/jboss-4.2.3.GA/server/default/lib/jbossts-common.jar
7fb5388c7000-7fb5388c9000 r-xs 0000e000 fd:02 1437348                    /home/Parhs/Documents/Programming/Java/mywms/jboss-4.2.3.GA/server/default/lib/jbossws-common.jar
7fb5388c9000-7fb5388ca000 r-xs 00002000 fd:02 1437305                    /home/Parhs/Documents/Programming/Java/mywms/jboss-4.2.3.GA/server/default/lib/bsh-deployer.jar
7fb5388ca000-7fb5388d0000 r-xp 00000000 fd:00 396962                     /usr/java/jdk1.6.0_38/jre/lib/amd64/libmanagement.so
7fb5388d0000-7fb5389cf000 ---p 00006000 fd:00 396962                     /usr/java/jdk1.6.0_38/jre/lib/amd64/libmanagement.so
7fb5389cf000-7fb5389d1000 rwxp 00005000 fd:00 396962                     /usr/java/jdk1.6.0_38/jre/lib/amd64/libmanagement.so
7fb5389d1000-7fb538a02000 rwxp 00000000 00:00 0 
7fb538a02000-7fb538a15000 r-xp 00000000 fd:00 396966                     /usr/java/jdk1.6.0_38/jre/lib/amd64/libnet.so
7fb538a15000-7fb538b16000 ---p 00013000 fd:00 396966                     /usr/java/jdk1.6.0_38/jre/lib/amd64/libnet.so
7fb538b16000-7fb538b19000 rwxp 00014000 fd:00 396966                     /usr/java/jdk1.6.0_38/jre/lib/amd64/libnet.so
7fb538b19000-7fb538b20000 r-xs 00055000 fd:02 1436907                    /home/Parhs/Documents/Programming/Java/mywms/jboss-4.2.3.GA/lib/jboss-xml-binding.jar
7fb538b20000-7fb538b25000 r-xs 0003d000 fd:02 1436906                    /home/Parhs/Documents/Programming/Java/mywms/jboss-4.2.3.GA/lib/jboss-system.jar
7fb538b25000-7fb538b2f000 r-xs 0005a000 fd:02 1436904                    /home/Parhs/Documents/Programming/Java/mywms/jboss-4.2.3.GA/lib/jboss-common.jar
7fb538b2f000-7fb538b33000 r-xs 0001c000 fd:02 1436908                    /home/Parhs/Documents/Programming/Java/mywms/jboss-4.2.3.GA/lib/log4j-boot.jar
7fb538b33000-7fb538b3a000 r-xs 00038000 fd:02 1436891                    /home/Parhs/Documents/Programming/Java/mywms/jboss-4.2.3.GA/lib/concurrent.jar
7fb538b3a000-7fb538b47000 r-xs 000ca000 fd:02 1436905                    /home/Parhs/Documents/Programming/Java/mywms/jboss-4.2.3.GA/lib/jboss-jmx.jar
7fb538b47000-7fb538b48000 r-xs 00003000 fd:02 1436618                    /home/Parhs/Documents/Programming/Java/mywms/jboss-4.2.3.GA/client/getopt.jar
7fb538b48000-7fb538b4b000 ---p 00000000 00:00 0 
7fb538b4b000-7fb538c49000 rwxp 00000000 00:00 0 
7fb538c49000-7fb538c4a000 ---p 00000000 00:00 0 
7fb538c4a000-7fb538d4a000 rwxp 00000000 00:00 0 
7fb538d4a000-7fb538d4d000 ---p 00000000 00:00 0 
7fb538d4d000-7fb538e4b000 rwxp 00000000 00:00 0 
7fb538e4b000-7fb538e4e000 ---p 00000000 00:00 0 
7fb538e4e000-7fb538f4c000 rwxp 00000000 00:00 0 
7fb538f4c000-7fb538f4f000 ---p 00000000 00:00 0 
7fb538f4f000-7fb53904d000 rwxp 00000000 00:00 0 
7fb53904d000-7fb539050000 ---p 00000000 00:00 0 
7fb539050000-7fb53914e000 rwxp 00000000 00:00 0 
7fb53914e000-7fb539151000 ---p 00000000 00:00 0 
7fb539151000-7fb53924f000 rwxp 00000000 00:00 0 
7fb53924f000-7fb539252000 ---p 00000000 00:00 0 
7fb539252000-7fb539350000 rwxp 00000000 00:00 0 
7fb539350000-7fb539351000 ---p 00000000 00:00 0 
7fb539351000-7fb539485000 rwxp 00000000 00:00 0 
7fb539485000-7fb53961d000 r-xs 03083000 fd:00 398297                     /usr/java/jdk1.6.0_38/jre/lib/rt.jar
7fb53961d000-7fb53961f000 r-xs 00007000 fd:02 1436896                    /home/Parhs/Documents/Programming/Java/mywms/jboss-4.2.3.GA/lib/endorsed/jboss-jaxws.jar
7fb53961f000-7fb539632000 r-xs 00190000 fd:02 1436899                    /home/Parhs/Documents/Programming/Java/mywms/jboss-4.2.3.GA/lib/endorsed/xalan.jar
7fb539632000-7fb539634000 r-xs 00005000 fd:02 1436897                    /home/Parhs/Documents/Programming/Java/mywms/jboss-4.2.3.GA/lib/endorsed/jboss-saaj.jar
7fb539634000-7fb539637000 r-xs 00005000 fd:02 1436894                    /home/Parhs/Documents/Programming/Java/mywms/jboss-4.2.3.GA/lib/endorsed/jboss-jaxrpc.jar
7fb539637000-7fb539689000 rwxp 00000000 00:00 0 
7fb539689000-7fb5396c4000 rwxp 00000000 00:00 0 
7fb5396c4000-7fb539734000 rwxp 00000000 00:00 0 
7fb539734000-7fb539752000 rwxp 00000000 00:00 0 
7fb539752000-7fb539789000 rwxp 00000000 00:00 0 
7fb539789000-7fb5397c5000 rwxp 00000000 00:00 0 
7fb5397c5000-7fb539834000 rwxp 00000000 00:00 0 
7fb539834000-7fb53985d000 rwxp 00000000 00:00 0 
7fb53985d000-7fb539876000 rwxp 00000000 00:00 0 
7fb539876000-7fb53991e000 rwxp 00000000 00:00 0 
7fb53991e000-7fb53992c000 r-xp 00000000 fd:00 396975                     /usr/java/jdk1.6.0_38/jre/lib/amd64/libzip.so
7fb53992c000-7fb539a2e000 ---p 0000e000 fd:00 396975                     /usr/java/jdk1.6.0_38/jre/lib/amd64/libzip.so
7fb539a2e000-7fb539a31000 rwxp 00010000 fd:00 396975                     /usr/java/jdk1.6.0_38/jre/lib/amd64/libzip.so
7fb539a31000-7fb539a32000 rwxp 00000000 00:00 0 
7fb539a32000-7fb539a3e000 r-xp 00000000 fd:00 4771                       /lib64/libnss_files-2.12.so
7fb539a3e000-7fb539c3e000 ---p 0000c000 fd:00 4771                       /lib64/libnss_files-2.12.so
7fb539c3e000-7fb539c3f000 r-xp 0000c000 fd:00 4771                       /lib64/libnss_files-2.12.so
7fb539c3f000-7fb539c40000 rwxp 0000d000 fd:00 4771                       /lib64/libnss_files-2.12.so
7fb539c40000-7fb539c56000 r-xs 0010f000 fd:02 1436900                    /home/Parhs/Documents/Programming/Java/mywms/jboss-4.2.3.GA/lib/endorsed/xercesImpl.jar
7fb539c56000-7fb539c7f000 r-xp 00000000 fd:00 396953                     /usr/java/jdk1.6.0_38/jre/lib/amd64/libjava.so
7fb539c7f000-7fb539d7e000 ---p 00029000 fd:00 396953                     /usr/java/jdk1.6.0_38/jre/lib/amd64/libjava.so
7fb539d7e000-7fb539d85000 rwxp 00028000 fd:00 396953                     /usr/java/jdk1.6.0_38/jre/lib/amd64/libjava.so
7fb539d85000-7fb539d92000 r-xp 00000000 fd:00 396974                     /usr/java/jdk1.6.0_38/jre/lib/amd64/libverify.so
7fb539d92000-7fb539e91000 ---p 0000d000 fd:00 396974                     /usr/java/jdk1.6.0_38/jre/lib/amd64/libverify.so
7fb539e91000-7fb539e94000 rwxp 0000c000 fd:00 396974                     /usr/java/jdk1.6.0_38/jre/lib/amd64/libverify.so
7fb539e94000-7fb539e97000 ---p 00000000 00:00 0 
7fb539e97000-7fb539f95000 rwxp 00000000 00:00 0 
7fb539f95000-7fb53a8b3000 r-xp 00000000 fd:00 396983                     /usr/java/jdk1.6.0_38/jre/lib/amd64/server/libjvm.so
7fb53a8b3000-7fb53a9b5000 ---p 0091e000 fd:00 396983                     /usr/java/jdk1.6.0_38/jre/lib/amd64/server/libjvm.so
7fb53a9b5000-7fb53ab6b000 rwxp 00920000 fd:00 396983                     /usr/java/jdk1.6.0_38/jre/lib/amd64/server/libjvm.so
7fb53ab6b000-7fb53aba8000 rwxp 00000000 00:00 0 
7fb53aba8000-7fb53abaf000 r-xp 00000000 fd:00 396936                     /usr/java/jdk1.6.0_38/jre/lib/amd64/jli/libjli.so
7fb53abaf000-7fb53acb0000 ---p 00007000 fd:00 396936                     /usr/java/jdk1.6.0_38/jre/lib/amd64/jli/libjli.so
7fb53acb0000-7fb53acb2000 rwxp 00008000 fd:00 396936                     /usr/java/jdk1.6.0_38/jre/lib/amd64/jli/libjli.so
7fb53acb2000-7fb53acb3000 rwxp 00000000 00:00 0 
7fb53acb3000-7fb53acb5000 r-xs 00009000 fd:02 1436591                    /home/Parhs/Documents/Programming/Java/mywms/jboss-4.2.3.GA/bin/run.jar
7fb53acb5000-7fb53acb8000 r-xs 00011000 fd:02 1436893                    /home/Parhs/Documents/Programming/Java/mywms/jboss-4.2.3.GA/lib/endorsed/jaxb-api.jar
7fb53acb8000-7fb53acbc000 r-xs 0002b000 fd:02 1436898                    /home/Parhs/Documents/Programming/Java/mywms/jboss-4.2.3.GA/lib/endorsed/serializer.jar
7fb53acbc000-7fb53acbf000 r-xs 00006000 fd:02 1436895                    /home/Parhs/Documents/Programming/Java/mywms/jboss-4.2.3.GA/lib/endorsed/jboss-jaxws-ext.jar
7fb53acbf000-7fb53acc7000 rwxs 00000000 fd:00 789123                     /tmp/hsperfdata_Parhs/9369
7fb53acc7000-7fb53acc8000 rwxp 00000000 00:00 0 
7fb53acc8000-7fb53acc9000 ---p 00000000 00:00 0 
7fb53acc9000-7fb53acca000 rwxp 00000000 00:00 0 
7fff5b1ca000-7fff5b1df000 rwxp 00000000 00:00 0                          [stack]
7fff5b1ff000-7fff5b200000 r-xp 00000000 00:00 0                          [vdso]
ffffffffff600000-ffffffffff601000 r-xp 00000000 00:00 0                  [vsyscall]

VM Arguments:
jvm_args: -Dprogram.name=run.bat -Djava.endorsed.dirs=/home/Parhs/Documents/Programming/Java/mywms/jboss-4.2.3.GA/bin/../lib/endorsed -Xms128m -Xmx512m -Dfile.encoding=UTF-8 
java_command: org.jboss.Main -c default
Launcher Type: SUN_STANDARD

Environment Variables:
JAVA_HOME=/usr/java/jdk1.6.0_38
PATH=/u01/app/oracle/product/11.2.0/xe/bin:/usr/lib64/qt-3.3/bin:/usr/local/bin:/usr/bin:/bin:/usr/local/sbin:/usr/sbin:/sbin:/usr/java/jdk1.6.0_38/bin:/usr/java/jdk1.6.0_38/bin:/usr/java/jdk1.6.0_38:/usr/java/jdk1.6.0_38/bin:/usr/ant/apache-ant-1.6.0/bin:/home/Parhs/Documents/Programming/Java/mywms/jboss-4.2.3.GA//bin:/home/Parhs/bin
USERNAME=Parhs
LD_LIBRARY_PATH=/usr/java/jdk1.6.0_38/jre/lib/amd64/server:/usr/java/jdk1.6.0_38/jre/lib/amd64:/usr/java/jdk1.6.0_38/jre/../lib/amd64:/usr/lib/jvm/java-1.6.0-openjdk-1.6.0.0.x86_64/jre/lib/amd64/server:/usr/lib/jvm/java-1.6.0-openjdk-1.6.0.0.x86_64/jre/lib/amd64:/usr/lib/jvm/java-1.6.0-openjdk-1.6.0.0.x86_64/jre/../lib/amd64
SHELL=/bin/bash
DISPLAY=:0.0

Signal Handlers:
SIGSEGV: [libjvm.so+0x8629a0], sa_mask[0]=0x7ffbfeff, sa_flags=0x10000004
SIGBUS: [libjvm.so+0x8629a0], sa_mask[0]=0x7ffbfeff, sa_flags=0x10000004
SIGFPE: [libjvm.so+0x710660], sa_mask[0]=0x7ffbfeff, sa_flags=0x10000004
SIGPIPE: [libjvm.so+0x710660], sa_mask[0]=0x7ffbfeff, sa_flags=0x10000004
SIGXFSZ: [libjvm.so+0x710660], sa_mask[0]=0x7ffbfeff, sa_flags=0x10000004
SIGILL: [libjvm.so+0x710660], sa_mask[0]=0x7ffbfeff, sa_flags=0x10000004
SIGUSR1: SIG_DFL, sa_mask[0]=0x00000000, sa_flags=0x00000000
SIGUSR2: [libjvm.so+0x713490], sa_mask[0]=0x00000004, sa_flags=0x10000004
SIGHUP: [libjvm.so+0x713090], sa_mask[0]=0x7ffbfeff, sa_flags=0x10000004
SIGINT: [libjvm.so+0x713090], sa_mask[0]=0x7ffbfeff, sa_flags=0x10000004
SIGTERM: [libjvm.so+0x713090], sa_mask[0]=0x7ffbfeff, sa_flags=0x10000004
SIGQUIT: [libjvm.so+0x713090], sa_mask[0]=0x7ffbfeff, sa_flags=0x10000004


---------------  S Y S T E M  ---------------

OS:CentOS release 6.3 (Final)

uname:Linux 2.6.32-279.19.1.el6.x86_64 #1 SMP Wed Dec 19 07:05:20 UTC 2012 x86_64
libc:glibc 2.12 NPTL 2.12 
rlimit: STACK 10240k, CORE 0k, NPROC 1024, NOFILE 4096, AS infinity
load average:1.89 1.50 0.94

/proc/meminfo:
MemTotal:        1826780 kB
MemFree:           93460 kB
Buffers:           16008 kB
Cached:           346816 kB
SwapCached:        60888 kB
Active:          1070060 kB
Inactive:         496468 kB
Active(anon):     973360 kB
Inactive(anon):   359512 kB
Active(file):      96700 kB
Inactive(file):   136956 kB
Unevictable:           0 kB
Mlocked:               0 kB
SwapTotal:       3932152 kB
SwapFree:        2431784 kB
Dirty:               636 kB
Writeback:             0 kB
AnonPages:       1172700 kB
Mapped:            85864 kB
Shmem:            129160 kB
Slab:              70800 kB
SReclaimable:      27900 kB
SUnreclaim:        42900 kB
KernelStack:        3360 kB
PageTables:        48064 kB
NFS_Unstable:          0 kB
Bounce:                0 kB
WritebackTmp:          0 kB
CommitLimit:     4845540 kB
Committed_AS:    2640704 kB
VmallocTotal:   34359738367 kB
VmallocUsed:      553300 kB
VmallocChunk:   34359152040 kB
HardwareCorrupted:     0 kB
AnonHugePages:    483328 kB
HugePages_Total:       0
HugePages_Free:        0
HugePages_Rsvd:        0
HugePages_Surp:        0
Hugepagesize:       2048 kB
DirectMap4k:        8192 kB
DirectMap2M:     1998848 kB


CPU:total 2 (2 cores per cpu, 1 threads per core) family 6 model 42 stepping 7, cmov, cx8, fxsr, mmx, sse, sse2, sse3, ssse3, sse4.1, sse4.2, popcnt

/proc/cpuinfo:
processor	: 0
vendor_id	: GenuineIntel
cpu family	: 6
model		: 42
model name	: Intel(R) Celeron(R) CPU G530 @ 2.40GHz
stepping	: 7
cpu MHz		: 2400.000
cache size	: 2048 KB
physical id	: 0
siblings	: 2
core id		: 0
cpu cores	: 2
apicid		: 0
initial apicid	: 0
fpu		: yes
fpu_exception	: yes
cpuid level	: 13
wp		: yes
flags		: fpu vme de pse tsc msr pae mce cx8 apic mtrr pge mca cmov pat pse36 clflush dts acpi mmx fxsr sse sse2 ss ht tm pbe syscall nx rdtscp lm constant_tsc arch_perfmon pebs bts rep_good xtopology nonstop_tsc aperfmperf pni pclmulqdq dtes64 monitor ds_cpl vmx est tm2 ssse3 cx16 xtpr pdcm sse4_1 sse4_2 popcnt xsave lahf_lm arat epb xsaveopt pln pts dts tpr_shadow vnmi flexpriority ept vpid
bogomips	: 4789.55
clflush size	: 64
cache_alignment	: 64
address sizes	: 36 bits physical, 48 bits virtual
power management:

processor	: 1
vendor_id	: GenuineIntel
cpu family	: 6
model		: 42
model name	: Intel(R) Celeron(R) CPU G530 @ 2.40GHz
stepping	: 7
cpu MHz		: 2400.000
cache size	: 2048 KB
physical id	: 0
siblings	: 2
core id		: 1
cpu cores	: 2
apicid		: 2
initial apicid	: 2
fpu		: yes
fpu_exception	: yes
cpuid level	: 13
wp		: yes
flags		: fpu vme de pse tsc msr pae mce cx8 apic mtrr pge mca cmov pat pse36 clflush dts acpi mmx fxsr sse sse2 ss ht tm pbe syscall nx rdtscp lm constant_tsc arch_perfmon pebs bts rep_good xtopology nonstop_tsc aperfmperf pni pclmulqdq dtes64 monitor ds_cpl vmx est tm2 ssse3 cx16 xtpr pdcm sse4_1 sse4_2 popcnt xsave lahf_lm arat epb xsaveopt pln pts dts tpr_shadow vnmi flexpriority ept vpid
bogomips	: 4789.55
clflush size	: 64
cache_alignment	: 64
address sizes	: 36 bits physical, 48 bits virtual
power management:



Memory: 4k page, physical 1826780k(93460k free), swap 3932152k(2431784k free)

vm_info: Java HotSpot(TM) 64-Bit Server VM (20.13-b02) for linux-amd64 JRE (1.6.0_38-b05), built on Nov 14 2012 02:12:33 by "java_re" with gcc 3.2.2 (SuSE Linux)

time: Mon Mar  4 10:46:28 2013
elapsed time: 914 seconds

